<?xml version="1.0" encoding="UTF-8"?>
<!-- Generated by org.testng.reporters.JUnitXMLReporter -->
<testsuite ignored="0" hostname="LTIN215773" failures="0" tests="8" name="Test" time="152.468" errors="0" timestamp="2024-03-04T16:44:33 IST">
  <testcase classname="TestCases.TC_1_UpcomingBikes" name="verifyHomeTitle" time="0.274"/>
  <testcase classname="TestCases.TC_1_UpcomingBikes" name="hoverOnNewBikes" time="0.232"/>
  <testcase classname="TestCases.TC_1_UpcomingBikes" name="verifyUpcomingBikeOption" time="0.148"/>
  <testcase classname="TestCases.TC_1_UpcomingBikes" name="ClickOnUpcomingBikes" time="51.364"/>
  <testcase classname="TestCases.TC_1_UpcomingBikes" name="verifyUpcomingBikePageTitle" time="0.018"/>
  <testcase classname="TestCases.TC_1_UpcomingBikes" name="clickOnManufacturers" time="44.227"/>
  <testcase classname="TestCases.TC_1_UpcomingBikes" name="verifyHondaSelected" time="0.014"/>
  <testcase classname="TestCases.TC_1_UpcomingBikes" name="bikesBelow4Lakhs" time="5.122"/>
</testsuite> <!-- Test -->
