<?xml version="1.0" encoding="UTF-8"?>
<testsuite xmlns:xsi="http://www.w3.org/2001/XMLSchema-instance" xsi:noNamespaceSchemaLocation="https://maven.apache.org/surefire/maven-surefire-plugin/xsd/surefire-test-report-3.0.xsd" version="3.0" name="TestSuite" time="128.857" tests="14" errors="0" skipped="0" failures="1">
  <properties>
[...]
</properties>
  <testcase name="verifyHomeTitle" classname="TestCases.TC_1_UpcomingBikes" time="1.668">
    <system-err><![CDATA[SLF4J: No SLF4J providers were found.
SLF4J: Defaulting to no-operation (NOP) logger implementation
SLF4J: See https://www.slf4j.org/codes.html#noProviders for further details.
]]></system-err>
  </testcase>
  <testcase name="hoverOnNewBikes" classname="TestCases.TC_1_UpcomingBikes" time="1.259"/>
  <testcase name="verifyUpcomingBikeOption" classname="TestCases.TC_1_UpcomingBikes" time="1.821"/>
  <testcase name="ClickOnUpcomingBikes" classname="TestCases.TC_1_UpcomingBikes" time="2.34"/>
  <testcase name="verifyUpcomingBikePageTitle" classname="TestCases.TC_1_UpcomingBikes" time="0.873"/>
  <testcase name="clickOnManufacturers" classname="TestCases.TC_1_UpcomingBikes" time="4.165"/>
  <testcase name="verifyHondaSelected" classname="TestCases.TC_1_UpcomingBikes" time="2.225">
    <failure message="expected [Honda Upcoming Bikes in India in India 2024-25, Check Price, Launch Date, Specs @ ZigWheels] but found [Honda Upcoming Bikes in India - Check Price, Launch Date, Images and Latest News]" type="java.lang.AssertionError"><![CDATA[java.lang.AssertionError: expected [Honda Upcoming Bikes in India in India 2024-25, Check Price, Launch Date, Specs @ ZigWheels] but found [Honda Upcoming Bikes in India - Check Price, Launch Date, Images and Latest News]
	at org.testng.Assert.fail(Assert.java:111)
	at org.testng.Assert.failNotEquals(Assert.java:1578)
	at org.testng.Assert.assertEqualsImpl(Assert.java:150)
	at org.testng.Assert.assertEquals(Assert.java:132)
	at org.testng.Assert.assertEquals(Assert.java:656)
	at org.testng.Assert.assertEquals(Assert.java:666)
	at TestCases.TC_1_UpcomingBikes.verifyHondaSelected(TC_1_UpcomingBikes.java:92)
	at java.base/jdk.internal.reflect.NativeMethodAccessorImpl.invoke0(Native Method)
	at java.base/jdk.internal.reflect.NativeMethodAccessorImpl.invoke(NativeMethodAccessorImpl.java:77)
	at java.base/jdk.internal.reflect.DelegatingMethodAccessorImpl.invoke(DelegatingMethodAccessorImpl.java:43)
	at java.base/java.lang.reflect.Method.invoke(Method.java:568)
	at org.testng.internal.invokers.MethodInvocationHelper.invokeMethod(MethodInvocationHelper.java:139)
	at org.testng.internal.invokers.TestInvoker.invokeMethod(TestInvoker.java:664)
	at org.testng.internal.invokers.TestInvoker.invokeTestMethod(TestInvoker.java:228)
	at org.testng.internal.invokers.MethodRunner.runInSequence(MethodRunner.java:63)
	at org.testng.internal.invokers.TestInvoker$MethodInvocationAgent.invoke(TestInvoker.java:961)
	at org.testng.internal.invokers.TestInvoker.invokeTestMethods(TestInvoker.java:201)
	at org.testng.internal.invokers.TestMethodWorker.invokeTestMethods(TestMethodWorker.java:148)
	at org.testng.internal.invokers.TestMethodWorker.run(TestMethodWorker.java:128)
	at java.base/java.util.ArrayList.forEach(ArrayList.java:1511)
	at org.testng.TestRunner.privateRun(TestRunner.java:819)
	at org.testng.TestRunner.run(TestRunner.java:619)
	at org.testng.SuiteRunner.runTest(SuiteRunner.java:443)
	at org.testng.SuiteRunner.runSequentially(SuiteRunner.java:437)
	at org.testng.SuiteRunner.privateRun(SuiteRunner.java:397)
	at org.testng.SuiteRunner.run(SuiteRunner.java:336)
	at org.testng.SuiteRunnerWorker.runSuite(SuiteRunnerWorker.java:52)
	at org.testng.SuiteRunnerWorker.run(SuiteRunnerWorker.java:95)
	at org.testng.TestNG.runSuitesSequentially(TestNG.java:1301)
	at org.testng.TestNG.runSuitesLocally(TestNG.java:1228)
	at org.testng.TestNG.runSuites(TestNG.java:1134)
	at org.testng.TestNG.run(TestNG.java:1101)
	at org.apache.maven.surefire.testng.TestNGExecutor.run(TestNGExecutor.java:308)
	at org.apache.maven.surefire.testng.TestNGXmlTestSuite.execute(TestNGXmlTestSuite.java:71)
	at org.apache.maven.surefire.testng.TestNGProvider.invoke(TestNGProvider.java:113)
	at org.apache.maven.surefire.booter.ForkedBooter.runSuitesInProcess(ForkedBooter.java:385)
	at org.apache.maven.surefire.booter.ForkedBooter.execute(ForkedBooter.java:162)
	at org.apache.maven.surefire.booter.ForkedBooter.run(ForkedBooter.java:507)
	at org.apache.maven.surefire.booter.ForkedBooter.main(ForkedBooter.java:495)
]]></failure>
  </testcase>
  <testcase name="bikesBelow4Lakhs" classname="TestCases.TC_1_UpcomingBikes" time="11.812">
    <system-out><![CDATA[Rs. 3.30 Lakh
Rs. 1.10 Lakh
Rs. 3.70 Lakh
Rs. 2.30 Lakh
Rs. 14.46 Lakh
Rs. 79,000
Rs. 4.79 Lakh
Rs. 1.20 Lakh
Rs. 12.00 Lakh
Rs. 4.50 Lakh
Rs. 6.00 Lakh
Rs. 4.99 Lakh
Rs. 1.70 Lakh
Rs. 2.30 Lakh
 - [3.30, 1.10, 3.70, 2.30, 14.46, 79000, 4.79, 1.20, 12.00, 4.50, 6.00, 4.99, 1.70, 2.30]
Bike Name: Honda CRF300L
Price: Rs. 3.30 Lakh
Expected Launch Date: Launch Date : 30 Mar 2024
--------------------
Bike Name: Honda Activa Electric
Price: Rs. 1.10 Lakh
Expected Launch Date: Launch Date : Mar 2024
--------------------
Bike Name: Honda Forza 350
Price: Rs. 3.70 Lakh
Expected Launch Date: Launch Date : Mar 2024
--------------------
Bike Name: Honda CB350 Cruiser
Price: Rs. 2.30 Lakh
Expected Launch Date: Launch Date : Mar 2024
--------------------
Bike Name: Honda Activa 7G
Price: Rs. 79,000
Expected Launch Date: Launch Date : Apr 2024
--------------------
Bike Name: Honda PCX160
Price: Rs. 1.20 Lakh
Expected Launch Date: Launch Date : Jun 2024
--------------------
Bike Name: Honda CBR150R
Price: Rs. 1.70 Lakh
Expected Launch Date: Launch Date : Unrevealed
--------------------
Bike Name: Honda Rebel 300
Price: Rs. 2.30 Lakh
Expected Launch Date: Launch Date : Unrevealed
--------------------
]]></system-out>
  </testcase>
  <testcase name="usedCars" classname="TestCases.TC_3_usedCars" time="7.119"/>
  <testcase name="popularModel" classname="TestCases.TC_3_usedCars" time="2.324">
    <system-out><![CDATA[Maruti 800
Maruti Swift Dzire
Maruti Swift
Hyundai I10
Hyundai Santro Xing
Honda City
Toyota Innova
Toyota Fortuner
Mahindra XUV500
--------------------
]]></system-out>
  </testcase>
  <testcase name="loginPage" classname="TestCases.TC_2_LoginPage" time="3.736"/>
  <testcase name="redirectToLoginPage" classname="TestCases.TC_2_LoginPage" time="4.545"/>
  <testcase name="loginDetails" classname="TestCases.TC_2_LoginPage" time="1.92"/>
  <testcase name="errorMsg" classname="TestCases.TC_2_LoginPage" time="0.509">
    <system-out><![CDATA[Enter a valid email or phone number
--------------------
]]></system-out>
  </testcase>
</testsuite>